2020-06-20 16:06:10,026 [INFO] Activator:176 - 


2020-06-20 16:06:10,032 [INFO] Activator:177 - !SESSION log4j initialized
2020-06-20 16:07:20,558 [INFO] ApplicationProperties:181 - Using Application install path: /opt/st/stm32cubeide_1.1.0/plugins/com.st.stm32cube.common.mx_5.4.0.201910091541
2020-06-20 16:07:20,624 [INFO] DbMcusXml:68 - Set database path to: /opt/st/stm32cubeide_1.1.0/plugins/com.st.stm32cube.common.mx_5.4.0.201910091541//db//mcu/
2020-06-20 16:07:20,630 [INFO] DbBoardsPdsc:54 - Set plugin database path to: /opt/st/stm32cubeide_1.1.0/plugins/com.st.stm32cube.common.mx_5.4.0.201910091541//db//plugins/boardmanager/
2020-06-20 16:07:20,630 [INFO] DbMcus:265 - Set plugin images path to: /opt/st/stm32cubeide_1.1.0/plugins/com.st.stm32cube.common.mx_5.4.0.201910091541//db//plugins/mcufinder/images/
2020-06-20 16:07:20,631 [INFO] DbBoards:232 - Set plugin images path to: /opt/st/stm32cubeide_1.1.0/plugins/com.st.stm32cube.common.mx_5.4.0.201910091541//db//plugins/mcufinder/images/
2020-06-20 16:07:20,634 [INFO] APIGFXSelector:72 - Set database path to: /opt/st/stm32cubeide_1.1.0/plugins/com.st.stm32cube.common.mx_5.4.0.201910091541//db//plugins/mcufinder/mcu/
2020-06-20 16:07:20,728 [INFO] DbMcusAds:72 - Set database path to: /home/javi/.stmcufinder/plugins/mcufinder//mcu/
2020-06-20 16:07:20,731 [INFO] DbMcusDocs:92 - Set database path to: /home/javi/.stmcufinder/plugins/mcufinder//mcu/
2020-06-20 16:07:20,737 [INFO] DbMcusJson:59 - Set database path to: /home/javi/.stmcufinder/plugins/mcufinder//mcu/
2020-06-20 16:07:20,739 [INFO] DbBoardsDocs:84 - Set database path to: /home/javi/.stmcufinder/plugins/mcufinder//mcu/
2020-06-20 16:07:20,741 [INFO] DbBoardsJson:51 - Set database path to: /home/javi/.stmcufinder/plugins/mcufinder//mcu/
2020-06-20 16:07:21,280 [INFO] CrossReferenceDbSqlite:197 - Set database path to: /home/javi/.stmcufinder/plugins/mcufinder//mcu/cs/
2020-06-20 16:07:21,670 [INFO] RulesReader:52 - Compatibility file has been processed (179 Rules)
2020-06-20 16:07:21,961 [INFO] MicroXplorer:570 - Detected Java Version = 1.8.0_202
2020-06-20 16:07:21,962 [INFO] DbMcusXml:68 - Set database path to: /opt/st/stm32cubeide_1.1.0/plugins/com.st.stm32cube.common.mx_5.4.0.201910091541//db//mcu/
2020-06-20 16:07:21,962 [INFO] DbBoardsPdsc:54 - Set plugin database path to: /opt/st/stm32cubeide_1.1.0/plugins/com.st.stm32cube.common.mx_5.4.0.201910091541//db//plugins/boardmanager/
2020-06-20 16:07:21,964 [INFO] DbMcus:265 - Set plugin images path to: /opt/st/stm32cubeide_1.1.0/plugins/com.st.stm32cube.common.mx_5.4.0.201910091541//db//plugins/mcufinder/images/
2020-06-20 16:07:21,965 [INFO] DbBoards:232 - Set plugin images path to: /opt/st/stm32cubeide_1.1.0/plugins/com.st.stm32cube.common.mx_5.4.0.201910091541//db//plugins/mcufinder/images/
2020-06-20 16:07:21,965 [INFO] APIGFXSelector:72 - Set database path to: /opt/st/stm32cubeide_1.1.0/plugins/com.st.stm32cube.common.mx_5.4.0.201910091541//db//plugins/mcufinder/mcu/
2020-06-20 16:07:21,966 [WARN] DbFile:31 - Overriding database path with different value: /home/javi/.stmcufinder/plugins/mcufinder/ => /home/javi/.stmcufinder/plugins/mcufinder
2020-06-20 16:07:21,966 [INFO] DbMcusAds:72 - Set database path to: /home/javi/.stmcufinder/plugins/mcufinder//mcu/
2020-06-20 16:07:21,966 [WARN] DbFile:31 - Overriding database path with different value: /home/javi/.stmcufinder/plugins/mcufinder/ => /home/javi/.stmcufinder/plugins/mcufinder
2020-06-20 16:07:21,966 [INFO] DbMcusDocs:92 - Set database path to: /home/javi/.stmcufinder/plugins/mcufinder//mcu/
2020-06-20 16:07:21,967 [WARN] DbFile:31 - Overriding database path with different value: /home/javi/.stmcufinder/plugins/mcufinder/ => /home/javi/.stmcufinder/plugins/mcufinder
2020-06-20 16:07:21,967 [INFO] DbMcusJson:59 - Set database path to: /home/javi/.stmcufinder/plugins/mcufinder//mcu/
2020-06-20 16:07:21,967 [WARN] DbFile:31 - Overriding database path with different value: /home/javi/.stmcufinder/plugins/mcufinder/ => /home/javi/.stmcufinder/plugins/mcufinder
2020-06-20 16:07:21,968 [INFO] DbBoardsDocs:84 - Set database path to: /home/javi/.stmcufinder/plugins/mcufinder//mcu/
2020-06-20 16:07:21,968 [WARN] DbFile:31 - Overriding database path with different value: /home/javi/.stmcufinder/plugins/mcufinder/ => /home/javi/.stmcufinder/plugins/mcufinder
2020-06-20 16:07:21,968 [INFO] DbBoardsJson:51 - Set database path to: /home/javi/.stmcufinder/plugins/mcufinder//mcu/
2020-06-20 16:07:21,968 [WARN] DbFile:31 - Overriding database path with different value: /home/javi/.stmcufinder/plugins/mcufinder/ => /home/javi/.stmcufinder/plugins/mcufinder
2020-06-20 16:07:21,969 [WARN] DbFile:31 - Overriding database path with different value: /home/javi/.stmcufinder/plugins/mcufinder/ => /home/javi/.stmcufinder/plugins/mcufinder
2020-06-20 16:07:21,969 [INFO] CrossReferenceDbSqlite:197 - Set database path to: /home/javi/.stmcufinder/plugins/mcufinder//mcu/cs/
2020-06-20 16:07:22,165 [INFO] MainPanel:185 - HeapMemory: 313524224
2020-06-20 16:07:22,501 [INFO] DbMcusXml:68 - Set database path to: /opt/st/stm32cubeide_1.1.0/plugins/com.st.stm32cube.common.mx_5.4.0.201910091541//db//mcu/
2020-06-20 16:07:22,502 [INFO] DbBoardsPdsc:54 - Set plugin database path to: /opt/st/stm32cubeide_1.1.0/plugins/com.st.stm32cube.common.mx_5.4.0.201910091541//db//plugins/boardmanager/
2020-06-20 16:07:22,502 [INFO] DbMcus:265 - Set plugin images path to: /opt/st/stm32cubeide_1.1.0/plugins/com.st.stm32cube.common.mx_5.4.0.201910091541//db//plugins/mcufinder/images/
2020-06-20 16:07:22,503 [INFO] DbBoards:232 - Set plugin images path to: /opt/st/stm32cubeide_1.1.0/plugins/com.st.stm32cube.common.mx_5.4.0.201910091541//db//plugins/mcufinder/images/
2020-06-20 16:07:22,503 [INFO] APIGFXSelector:72 - Set database path to: /opt/st/stm32cubeide_1.1.0/plugins/com.st.stm32cube.common.mx_5.4.0.201910091541//db//plugins/mcufinder/mcu/
2020-06-20 16:07:22,511 [WARN] DbFile:31 - Overriding database path with different value: /home/javi/.stmcufinder/plugins/mcufinder/ => /home/javi/.stmcufinder/plugins/mcufinder
2020-06-20 16:07:22,511 [INFO] DbMcusAds:72 - Set database path to: /home/javi/.stmcufinder/plugins/mcufinder//mcu/
2020-06-20 16:07:22,512 [WARN] DbFile:31 - Overriding database path with different value: /home/javi/.stmcufinder/plugins/mcufinder/ => /home/javi/.stmcufinder/plugins/mcufinder
2020-06-20 16:07:22,512 [INFO] DbMcusDocs:92 - Set database path to: /home/javi/.stmcufinder/plugins/mcufinder//mcu/
2020-06-20 16:07:22,512 [WARN] DbFile:31 - Overriding database path with different value: /home/javi/.stmcufinder/plugins/mcufinder/ => /home/javi/.stmcufinder/plugins/mcufinder
2020-06-20 16:07:22,512 [INFO] DbMcusJson:59 - Set database path to: /home/javi/.stmcufinder/plugins/mcufinder//mcu/
2020-06-20 16:07:22,513 [WARN] DbFile:31 - Overriding database path with different value: /home/javi/.stmcufinder/plugins/mcufinder/ => /home/javi/.stmcufinder/plugins/mcufinder
2020-06-20 16:07:22,513 [INFO] DbBoardsDocs:84 - Set database path to: /home/javi/.stmcufinder/plugins/mcufinder//mcu/
2020-06-20 16:07:22,513 [WARN] DbFile:31 - Overriding database path with different value: /home/javi/.stmcufinder/plugins/mcufinder/ => /home/javi/.stmcufinder/plugins/mcufinder
2020-06-20 16:07:22,514 [INFO] DbBoardsJson:51 - Set database path to: /home/javi/.stmcufinder/plugins/mcufinder//mcu/
2020-06-20 16:07:22,514 [WARN] DbFile:31 - Overriding database path with different value: /home/javi/.stmcufinder/plugins/mcufinder/ => /home/javi/.stmcufinder/plugins/mcufinder
2020-06-20 16:07:22,514 [WARN] DbFile:31 - Overriding database path with different value: /home/javi/.stmcufinder/plugins/mcufinder/ => /home/javi/.stmcufinder/plugins/mcufinder
2020-06-20 16:07:22,515 [INFO] CrossReferenceDbSqlite:197 - Set database path to: /home/javi/.stmcufinder/plugins/mcufinder//mcu/cs/
2020-06-20 16:07:22,614 [INFO] ApplicationProperties:181 - Using Application install path: /opt/st/stm32cubeide_1.1.0/plugins/com.st.stm32cube.common.mx_5.4.0.201910091541
2020-06-20 16:07:22,617 [INFO] PluginManage:178 - Search for loadable plugins [exclusion list=]
2020-06-20 16:07:22,633 [INFO] PluginManage:292 - Check plugin analytics
2020-06-20 16:07:22,690 [INFO] PluginManage:342 - Loaded plugin analytics (category:tool,tabindex:-1)
2020-06-20 16:07:22,690 [INFO] PluginManage:292 - Check plugin clock
2020-06-20 16:07:22,742 [INFO] PluginManage:342 - Loaded plugin clock (category:base,tabindex:2)
2020-06-20 16:07:22,743 [INFO] PluginManage:292 - Check plugin ddr
2020-06-20 16:07:22,761 [INFO] PluginManage:342 - Loaded plugin ddr (category:tool,tabindex:6)
2020-06-20 16:07:22,761 [INFO] PluginManage:292 - Check plugin filemanager
2020-06-20 16:07:23,147 [INFO] PluginManage:342 - Loaded plugin filemanager (category:base,tabindex:10)
2020-06-20 16:07:23,147 [INFO] PluginManage:292 - Check plugin ipmanager
2020-06-20 16:07:23,165 [INFO] PluginManage:342 - Loaded plugin ipmanager (category:base,tabindex:5)
2020-06-20 16:07:23,166 [INFO] PluginManage:292 - Check plugin pinoutandconfiguration
2020-06-20 16:07:23,200 [INFO] PluginManage:342 - Loaded plugin pinoutandconfiguration (category:base,tabindex:1)
2020-06-20 16:07:23,200 [INFO] PluginManage:292 - Check plugin pinoutconfig
2020-06-20 16:07:23,269 [INFO] PluginManage:342 - Loaded plugin pinoutconfig (category:base,tabindex:0)
2020-06-20 16:07:23,270 [INFO] PluginManage:292 - Check plugin power
2020-06-20 16:07:23,330 [INFO] PluginManage:342 - Loaded plugin power (category:power,tabindex:4)
2020-06-20 16:07:23,330 [INFO] PluginManage:292 - Check plugin projectmanager
2020-06-20 16:07:23,366 [INFO] PluginManage:342 - Loaded plugin projectmanager (category:projectmanager,tabindex:3)
2020-06-20 16:07:23,368 [INFO] PluginManage:292 - Check plugin thirdparty
2020-06-20 16:07:23,620 [INFO] ThirdPartyDb:294 - Open Third Party DataBase File (/home/javi/.stm32cubemx/plugins/thirdparty/db/thirdparties_db.xml) : 141 ms. number of Sw pack : 22
2020-06-20 16:07:23,683 [INFO] PluginManage:342 - Loaded plugin thirdparty (category:base,tabindex:-1)
2020-06-20 16:07:23,684 [INFO] PluginManage:292 - Check plugin tools
2020-06-20 16:07:23,704 [INFO] PluginManage:342 - Loaded plugin tools (category:base,tabindex:7)
2020-06-20 16:07:23,705 [INFO] PluginManage:292 - Check plugin updater
2020-06-20 16:07:23,747 [INFO] PluginManage:342 - Loaded plugin updater (category:base,tabindex:12)
2020-06-20 16:07:23,748 [INFO] PluginManage:265 - PluginManage : Loaded plugins [12]
2020-06-20 16:07:24,530 [INFO] PinOutPanel:1367 - setPackage(No Configuration,No Configuration)
2020-06-20 16:07:24,724 [INFO] IPUIPlugin:63 - create IPUIPlugin
2020-06-20 16:07:24,725 [INFO] PluginManager:200 - loadIPPluginJar : add gpio
2020-06-20 16:07:24,730 [INFO] IPUIPlugin:63 - create IPUIPlugin
2020-06-20 16:07:24,731 [INFO] PluginManager:200 - loadIPPluginJar : add nvic
2020-06-20 16:07:24,749 [INFO] IPUIPlugin:63 - create IPUIPlugin
2020-06-20 16:07:24,750 [INFO] PluginManager:200 - loadIPPluginJar : add ucpd
2020-06-20 16:07:24,790 [INFO] IPUIPlugin:63 - create IPUIPlugin
2020-06-20 16:07:24,790 [INFO] PluginManager:200 - loadIPPluginJar : add usart
2020-06-20 16:07:24,793 [INFO] IPUIPlugin:63 - create IPUIPlugin
2020-06-20 16:07:24,794 [INFO] PluginManager:200 - loadIPPluginJar : add tsc
2020-06-20 16:07:24,798 [INFO] IPUIPlugin:63 - create IPUIPlugin
2020-06-20 16:07:24,799 [INFO] PluginManager:200 - loadIPPluginJar : add i2s
2020-06-20 16:07:24,820 [INFO] IPUIPlugin:63 - create IPUIPlugin
2020-06-20 16:07:24,821 [INFO] PluginManager:200 - loadIPPluginJar : add genericplugin
2020-06-20 16:07:24,824 [INFO] IPUIPlugin:63 - create IPUIPlugin
2020-06-20 16:07:24,824 [INFO] PluginManager:200 - loadIPPluginJar : add ts
2020-06-20 16:07:24,832 [INFO] IPUIPlugin:63 - create IPUIPlugin
2020-06-20 16:07:24,832 [INFO] PluginManager:200 - loadIPPluginJar : add fmc
2020-06-20 16:07:24,859 [INFO] IPUIPlugin:63 - create IPUIPlugin
2020-06-20 16:07:24,860 [INFO] PluginManager:200 - loadIPPluginJar : add dma
2020-06-20 16:07:24,863 [INFO] IPUIPlugin:63 - create IPUIPlugin
2020-06-20 16:07:24,863 [INFO] PluginManager:200 - loadIPPluginJar : add aes
2020-06-20 16:07:24,881 [INFO] IPUIPlugin:63 - create IPUIPlugin
2020-06-20 16:07:24,882 [INFO] PluginManager:200 - loadIPPluginJar : add opamp
2020-06-20 16:07:24,891 [INFO] IPUIPlugin:63 - create IPUIPlugin
2020-06-20 16:07:24,891 [INFO] PluginManager:200 - loadIPPluginJar : add gic
2020-06-20 16:07:24,902 [INFO] IPUIPlugin:63 - create IPUIPlugin
2020-06-20 16:07:24,902 [INFO] PluginManager:200 - loadIPPluginJar : add pdm2pcm
2020-06-20 16:07:24,906 [INFO] IPUIPlugin:63 - create IPUIPlugin
2020-06-20 16:07:24,906 [INFO] PluginManager:200 - loadIPPluginJar : add dfsdm
2020-06-20 16:07:24,937 [INFO] IPUIPlugin:63 - create IPUIPlugin
2020-06-20 16:07:24,938 [INFO] PluginManager:200 - loadIPPluginJar : add freertos
2020-06-20 16:07:24,941 [INFO] IPUIPlugin:63 - create IPUIPlugin
2020-06-20 16:07:24,941 [INFO] PluginManager:200 - loadIPPluginJar : add quadspi
2020-06-20 16:07:24,946 [INFO] IPUIPlugin:63 - create IPUIPlugin
2020-06-20 16:07:24,946 [INFO] PluginManager:200 - loadIPPluginJar : add spi
2020-06-20 16:07:24,964 [INFO] IPUIPlugin:63 - create IPUIPlugin
2020-06-20 16:07:24,971 [INFO] PluginManager:200 - loadIPPluginJar : add plateformsettings
2020-06-20 16:07:24,977 [INFO] IPUIPlugin:63 - create IPUIPlugin
2020-06-20 16:07:24,978 [INFO] PluginManager:200 - loadIPPluginJar : add resmgrutility
2020-06-20 16:07:24,982 [INFO] IPUIPlugin:63 - create IPUIPlugin
2020-06-20 16:07:24,983 [INFO] PluginManager:200 - loadIPPluginJar : add hash
2020-06-20 16:07:24,986 [INFO] IPUIPlugin:63 - create IPUIPlugin
2020-06-20 16:07:24,987 [INFO] PluginManager:200 - loadIPPluginJar : add gfxmmu
2020-06-20 16:07:25,009 [INFO] IPUIPlugin:63 - create IPUIPlugin
2020-06-20 16:07:25,009 [INFO] PluginManager:200 - loadIPPluginJar : add comp
2020-06-20 16:07:25,043 [INFO] IPUIPlugin:63 - create IPUIPlugin
2020-06-20 16:07:25,043 [INFO] PluginManager:200 - loadIPPluginJar : add ipddr
2020-06-20 16:07:25,055 [INFO] IPUIPlugin:63 - create IPUIPlugin
2020-06-20 16:07:25,057 [INFO] PluginManager:200 - loadIPPluginJar : add adc
2020-06-20 16:07:25,063 [INFO] IPUIPlugin:63 - create IPUIPlugin
2020-06-20 16:07:25,064 [INFO] PluginManager:200 - loadIPPluginJar : add mdma
2020-06-20 16:07:25,088 [INFO] IPUIPlugin:63 - create IPUIPlugin
2020-06-20 16:07:25,089 [INFO] PluginManager:200 - loadIPPluginJar : add cryp
2020-06-20 16:07:25,095 [INFO] IPUIPlugin:63 - create IPUIPlugin
2020-06-20 16:07:25,096 [INFO] PluginManager:200 - loadIPPluginJar : add touchsensing
2020-06-20 16:07:25,100 [INFO] IPUIPlugin:63 - create IPUIPlugin
2020-06-20 16:07:25,100 [INFO] PluginManager:200 - loadIPPluginJar : add tracer_emb
2020-06-20 16:07:25,103 [INFO] IPUIPlugin:63 - create IPUIPlugin
2020-06-20 16:07:25,104 [INFO] PluginManager:200 - loadIPPluginJar : add fatfs
2020-06-20 16:07:25,108 [INFO] IPUIPlugin:63 - create IPUIPlugin
2020-06-20 16:07:25,109 [INFO] PluginManager:200 - loadIPPluginJar : add ltdc
2020-06-20 16:07:25,120 [INFO] IPUIPlugin:63 - create IPUIPlugin
2020-06-20 16:07:25,120 [INFO] PluginManager:200 - loadIPPluginJar : add can
2020-06-20 16:07:25,131 [INFO] IPUIPlugin:63 - create IPUIPlugin
2020-06-20 16:07:25,132 [INFO] PluginManager:200 - loadIPPluginJar : add sai
2020-06-20 16:07:25,138 [INFO] IPUIPlugin:63 - create IPUIPlugin
2020-06-20 16:07:25,139 [INFO] PluginManager:200 - loadIPPluginJar : add stm32_wpan
2020-06-20 16:07:25,155 [INFO] IPUIPlugin:63 - create IPUIPlugin
2020-06-20 16:07:25,171 [INFO] PluginManager:200 - loadIPPluginJar : add i2c
2020-06-20 16:07:25,187 [INFO] IPUIPlugin:63 - create IPUIPlugin
2020-06-20 16:07:25,189 [INFO] PluginManager:200 - loadIPPluginJar : add tim
2020-06-20 16:07:25,193 [INFO] IPUIPlugin:63 - create IPUIPlugin
2020-06-20 16:07:25,194 [INFO] PluginManager:200 - loadIPPluginJar : add gtzc
2020-06-20 16:07:25,237 [INFO] IPUIPlugin:63 - create IPUIPlugin
2020-06-20 16:07:25,238 [INFO] PluginManager:200 - loadIPPluginJar : add gfxsimulator
2020-06-20 16:07:25,511 [INFO] BoardConnectionPanel:220 - [DDR PANEL] osNameString: Linux
2020-06-20 16:07:25,910 [INFO] BoardConnectionPanel:3149 - [DDR PANEL] STM32CubeIDE environment
2020-06-20 16:07:25,911 [INFO] MainDdrPanel:100 - [DDR PANEL] GETTER - cubeProgrammerPath is: null
2020-06-20 16:07:26,377 [FATAL] Updater:277 - Updater called before beeing initialized
2020-06-20 16:07:26,648 [FATAL] Updater:277 - Updater called before beeing initialized
2020-06-20 16:07:26,649 [ERROR] IntegrityCheckThread:230 - Cannot obtain thirdParties list 21
2020-06-20 16:07:26,649 [ERROR] IntegrityCheckThread:99 - Unexpected exception IntegrityCheckThread Thread: Updater error
2020-06-20 16:07:26,651 [INFO] ThirdPartyDb:264 - Close Third Party DataBase File (/home/javi/.stm32cubemx/plugins/thirdparty/db/thirdparties_db.xml)
2020-06-20 16:07:27,029 [FATAL] Updater:277 - Updater called before beeing initialized
2020-06-20 16:07:27,045 [INFO] PinOutPanel:1367 - setPackage(No Configuration,No Configuration)
2020-06-20 16:07:27,046 [FATAL] Updater:277 - Updater called before beeing initialized
2020-06-20 16:07:27,053 [INFO] BoardConnectionPanel:3149 - [DDR PANEL] STM32CubeIDE environment
2020-06-20 16:07:27,055 [INFO] MainDdrPanel:100 - [DDR PANEL] GETTER - cubeProgrammerPath is: /opt/st/stm32cubeide_1.1.0/plugins/com.st.stm32cube.ide.mcu.externaltools.cubeprogrammer.linux64_1.1.0.201910081157/tools/bin
2020-06-20 16:07:27,064 [INFO] ProgrammerExecThread:148 - [ProgrammerAPI] CubeProgrammer command construction: /opt/st/stm32cubeide_1.1.0/plugins/com.st.stm32cube.ide.mcu.externaltools.cubeprogrammer.linux64_1.1.0.201910081157/tools/bin/STM32_Programmer_CLI -l
2020-06-20 16:07:27,766 [INFO] MainDdrPanel:90 - [DDR PANEL] SETTER - Set cubeProgrammerPath to: /opt/st/stm32cubeide_1.1.0/plugins/com.st.stm32cube.ide.mcu.externaltools.cubeprogrammer.linux64_1.1.0.201910081157/tools/bin
2020-06-20 16:07:27,828 [INFO] Updater:886 - Updater Version found : 5.4.0
2020-06-20 16:07:27,906 [INFO] ApplicationProperties:181 - Using Application install path: /opt/st/stm32cubeide_1.1.0/plugins/com.st.stm32cube.common.mx_5.4.0.201910091541
2020-06-20 16:07:28,471 [INFO] MainUpdater:2232 - connection check result : 10
2020-06-20 16:07:28,472 [INFO] MainUpdater:2859 - Updater definition file requires update
2020-06-20 16:07:28,473 [INFO] MainUpdater:236 - Updater Check For Update Now.
2020-06-20 16:07:28,474 [INFO] MicroXplorer:420 - Change Database Version : DB.5.0.40
2020-06-20 16:07:28,527 [INFO] ServerAccessManage:348 - Download File updaters.zip
2020-06-20 16:07:28,670 [INFO] FileExtend:210 - Unzip File : updaters.zip
2020-06-20 16:07:28,671 [INFO] FileExtend:225 - Standard Zip Deflate
2020-06-20 16:07:29,091 [INFO] ServerAccessManage:348 - Download File PacksControlFlags.xml
2020-06-20 16:07:29,166 [INFO] ServerAccessManage:348 - Download File cubemx.pidx
2020-06-20 16:07:29,758 [INFO] ServerAccessManage:348 - Download File STMicroelectronics.X-CUBE-AI.pdsc
2020-06-20 16:07:30,726 [INFO] LoadServerUpdatesThread:287 - End of LoadServerUpdate Thread
2020-06-20 16:07:30,811 [INFO] ThirdPartyDb:294 - Open Third Party DataBase File (/home/javi/.stm32cubemx/plugins/thirdparty/db/thirdparties_db.xml) : 49 ms. number of Sw pack : 22
2020-06-20 16:07:30,857 [INFO] CheckServerUpdateThread:92 - End of CheckServer Thread
2020-06-20 16:07:30,896 [INFO] PopulateThirdPartyThread:82 - Ending populate Thread
2020-06-20 16:07:30,897 [INFO] ThirdPartyDb:264 - Close Third Party DataBase File (/home/javi/.stm32cubemx/plugins/thirdparty/db/thirdparties_db.xml)
2020-06-20 16:07:30,901 [INFO] MainUpdater:2232 - connection check result : 10
2020-06-20 16:07:30,902 [INFO] LogOutputStream:76 - [STDOUT_REDIRECT] Successfull proxy connection.
2020-06-20 16:07:31,011 [INFO] ThirdPartyDb:294 - Open Third Party DataBase File (/home/javi/.stm32cubemx/plugins/thirdparty/db/thirdparties_db.xml) : 29 ms. number of Sw pack : 23
2020-06-20 16:07:31,018 [INFO] Engine:437 - softwarePackList size : 23
2020-06-20 16:07:31,039 [INFO] Engine:449 - compute dependency for SwPack X-CUBE-BLE1 have been done, and update is requested
2020-06-20 16:07:31,219 [INFO] McuFinderGlobals:40 - Set McuFinder mode to 2 (CubeIDE integrated)
2020-06-20 16:07:31,263 [INFO] FinderPluginLoader:86 - Searching for filters in installed packs
2020-06-20 16:07:31,300 [INFO] DbMcusXml:106 - Load MCU database from /opt/st/stm32cubeide_1.1.0/plugins/com.st.stm32cube.common.mx_5.4.0.201910091541//db//mcu/families.xml
2020-06-20 16:07:31,453 [INFO] Engine:449 - compute dependency for SwPack X-CUBE-MEMS1 have been done, and update is requested
2020-06-20 16:07:31,503 [INFO] Engine:449 - compute dependency for SwPack X-CUBE-AI have been done, and update is requested
2020-06-20 16:07:31,564 [INFO] Engine:449 - compute dependency for SwPack X-CUBE-NFC4 have been done, and update is requested
2020-06-20 16:07:31,600 [INFO] Engine:449 - compute dependency for SwPack X-CUBE-GNSS1 have been done, and update is requested
2020-06-20 16:07:32,621 [INFO] Engine:449 - compute dependency for SwPack X-CUBE-MEMS1 have been done, and update is requested
2020-06-20 16:07:32,651 [INFO] Engine:449 - compute dependency for SwPack X-CUBE-AI have been done, and update is requested
2020-06-20 16:07:32,702 [INFO] Engine:449 - compute dependency for SwPack X-CUBE-NFC4 have been done, and update is requested
2020-06-20 16:07:32,723 [INFO] Engine:449 - compute dependency for SwPack X-CUBE-AI have been done, and update is requested
2020-06-20 16:07:32,744 [INFO] Engine:449 - compute dependency for SwPack X-CUBE-BLE2 have been done, and update is requested
2020-06-20 16:07:32,770 [INFO] Engine:449 - compute dependency for SwPack X-CUBE-GNSS1 have been done, and update is requested
2020-06-20 16:07:32,803 [INFO] Engine:449 - compute dependency for SwPack X-CUBE-NFC4 have been done, and update is requested
2020-06-20 16:07:32,825 [INFO] Engine:449 - compute dependency for SwPack X-CUBE-SUBG2 have been done, and update is requested
2020-06-20 16:07:33,013 [INFO] Engine:449 - compute dependency for SwPack CMSIS have been done, and update is requested
2020-06-20 16:07:33,036 [INFO] Engine:449 - compute dependency for SwPack X-CUBE-BLE1 have been done, and update is requested
2020-06-20 16:07:33,060 [INFO] Engine:449 - compute dependency for SwPack X-CUBE-GNSS1 have been done, and update is requested
2020-06-20 16:07:33,917 [INFO] Engine:449 - compute dependency for SwPack X-CUBE-MEMS1 have been done, and update is requested
2020-06-20 16:07:33,964 [INFO] Engine:449 - compute dependency for SwPack X-CUBE-NFC4 have been done, and update is requested
2020-06-20 16:07:33,992 [INFO] Engine:449 - compute dependency for SwPack X-CUBE-SUBG2 have been done, and update is requested
2020-06-20 16:07:34,020 [INFO] Engine:453 - compute dependency for SwPack X-CUBE-TOUCHGFX have been done, no update is requested
2020-06-20 16:07:34,068 [INFO] Engine:449 - compute dependency for SwPack X-CUBE-ALGOBUILD have been done, and update is requested
2020-06-20 16:07:34,474 [INFO] DbMcusJson:87 - JSON generation date=Wed Jun 03 17:10:31 CEST 2020 (1591197031)
2020-06-20 16:07:35,632 [INFO] Engine:449 - compute dependency for SwPack X-CUBE-MEMS1 have been done, and update is requested
2020-06-20 16:07:35,666 [INFO] Engine:449 - compute dependency for SwPack X-CUBE-AI have been done, and update is requested
2020-06-20 16:07:35,684 [INFO] ThirdPartyDb:264 - Close Third Party DataBase File (/home/javi/.stm32cubemx/plugins/thirdparty/db/thirdparties_db.xml)
2020-06-20 16:07:36,039 [INFO] ThirdPartyDb:294 - Open Third Party DataBase File (/home/javi/.stm32cubemx/plugins/thirdparty/db/thirdparties_db.xml) : 48 ms. number of Sw pack : 23
2020-06-20 16:07:36,040 [ERROR] Engine:78 - Software Pack is missing : STMicroelectronics.X-CUBE-AI.5.1.1
2020-06-20 16:07:36,041 [ERROR] ThirdParty:717 - Engine buildDependencyDb : invalid pack or unsuported pack STMicroelectronics.X-CUBE-AI.5.1.1
2020-06-20 16:07:38,029 [INFO] DbMcus:193 - Found 1544 MCUs (1504 are supported by CubeMX, 1504 are visible in CubeMX)
2020-06-20 16:07:38,045 [INFO] ApiDb:158 - Load user favorites file /home/javi/.stm32cubeide/favorites.mcus.txt: 0 item(s)
2020-06-20 16:07:38,046 [INFO] ApiDb:163 - User favorites MCUs=[]
2020-06-20 16:07:38,046 [INFO] DbMcus:204 - Set 0 / 0 favorites MCUs
2020-06-20 16:07:39,548 [INFO] DbMcusAds:130 - JSON generation date=Thu Apr 30 15:50:56 CEST 2020 (1588254656)
2020-06-20 16:07:39,554 [INFO] LoadUrlFilesThread:161 - End of LoadServerUrlFiles without Thread
2020-06-20 16:07:39,631 [INFO] McuDetailPanel:180 - Set advertising image to /home/javi/STM32Cube/Repository//PR_STM32Cube_GitHub_0320_V1.png
2020-06-20 16:07:41,228 [INFO] ServerAccessManage:348 - Download File mcusDocs.json
2020-06-20 16:07:41,338 [INFO] LoadUrlFilesThread:134 - End of LoadUrlFiles Thread
2020-06-20 16:07:41,984 [INFO] ServerAccessManage:348 - Download File mcusFeaturesAndDescription.json
2020-06-20 16:07:42,718 [INFO] LoadUrlFilesThread:134 - End of LoadUrlFiles Thread
2020-06-20 16:07:42,880 [INFO] ServerAccessManage:348 - Download File mcusAds.json
2020-06-20 16:07:42,989 [INFO] LoadUrlFilesThread:134 - End of LoadUrlFiles Thread
2020-06-20 16:07:43,105 [INFO] ServerAccessManage:348 - Download File boardsDocs.json
2020-06-20 16:07:43,391 [INFO] LoadUrlFilesThread:134 - End of LoadUrlFiles Thread
2020-06-20 16:07:43,569 [INFO] ServerAccessManage:348 - Download File boards.json
2020-06-20 16:07:43,617 [INFO] LoadUrlFilesThread:134 - End of LoadUrlFiles Thread
2020-06-20 16:07:43,836 [INFO] ServerAccessManage:348 - Download File crdb.zip
2020-06-20 16:07:44,061 [INFO] FileExtend:210 - Unzip File : crdb.zip
2020-06-20 16:07:44,069 [INFO] FileExtend:225 - Standard Zip Deflate
2020-06-20 16:07:44,111 [INFO] LoadUrlFilesThread:134 - End of LoadUrlFiles Thread
2020-06-20 16:07:44,130 [INFO] DbMcusDocs:126 - JSON generation date=Wed Jun 03 17:10:31 CEST 2020 (1591197031)
2020-06-20 16:07:44,651 [INFO] DbMcusDocs:61 - Found 580 MCUs documents
2020-06-20 16:07:44,652 [INFO] ApiDb:186 - Save user favorites file /home/javi/.stm32cubeide/favorites.mcus.txt: 0 item(s)
2020-06-20 16:07:44,652 [INFO] ApiDb:191 - User favorites MCUs=[]
2020-06-20 16:07:44,652 [INFO] DbMcusXml:106 - Load MCU database from /opt/st/stm32cubeide_1.1.0/plugins/com.st.stm32cube.common.mx_5.4.0.201910091541//db//mcu/families.xml
2020-06-20 16:07:45,493 [INFO] DbMcusJson:87 - JSON generation date=Wed Jun 03 17:10:31 CEST 2020 (1591197031)
2020-06-20 16:07:48,207 [INFO] DbMcus:193 - Found 1544 MCUs (1504 are supported by CubeMX, 1504 are visible in CubeMX)
2020-06-20 16:07:48,208 [INFO] ApiDb:158 - Load user favorites file /home/javi/.stm32cubeide/favorites.mcus.txt: 0 item(s)
2020-06-20 16:07:48,208 [INFO] ApiDb:163 - User favorites MCUs=[]
2020-06-20 16:07:48,208 [INFO] DbMcus:204 - Set 0 / 0 favorites MCUs
2020-06-20 16:07:48,391 [INFO] McuFilterPanel:282 - Update 0 favorites MCUs
2020-06-20 16:07:48,948 [INFO] DbBoardsDocs:118 - JSON generation date=Wed Jun 03 17:10:31 CEST 2020 (1591197031)
2020-06-20 16:07:48,994 [INFO] DbBoardsPdsc:92 - Found 19 items
2020-06-20 16:07:48,997 [INFO] DbBoardsPdsc:92 - Found 9 items
2020-06-20 16:07:49,032 [INFO] DbBoardsPdsc:92 - Found 38 items
2020-06-20 16:07:49,055 [INFO] DbBoardsPdsc:92 - Found 27 items
2020-06-20 16:07:49,057 [INFO] DbBoardsPdsc:92 - Found 1 items
2020-06-20 16:07:49,064 [INFO] DbBoardsPdsc:92 - Found 1 items
2020-06-20 16:07:49,073 [INFO] DbBoardsPdsc:92 - Found 38 items
2020-06-20 16:07:49,105 [INFO] DbBoardsJson:79 - JSON generation date=Wed May 20 13:36:55 CEST 2020 (1589974615)
2020-06-20 16:07:49,116 [INFO] DbBoards:120 - Found 139 boards (132 are supported by CubeMX)
2020-06-20 16:07:49,131 [INFO] DbBoardsDocs:118 - JSON generation date=Wed Jun 03 17:10:31 CEST 2020 (1591197031)
2020-06-20 16:07:49,155 [INFO] DbBoardsDocs:57 - Found 183 boards documents
2020-06-20 16:07:49,157 [WARN] DbBoards:130 - board NUCLEO-H743ZI2 has no document id list !
2020-06-20 16:07:49,160 [WARN] DbBoards:130 - board STM32H743I-EVAL2 has no document id list !
2020-06-20 16:07:49,161 [WARN] DbBoards:130 - board STM32H753I-EVAL2 has no document id list !
2020-06-20 16:07:49,162 [WARN] DbBoards:130 - board STM32G474E-EVAL1 has no document id list !
2020-06-20 16:07:49,165 [WARN] DbBoards:130 - board P-NUCLEO-WB55-Nucleo has no document id list !
2020-06-20 16:07:49,165 [WARN] DbBoards:130 - board P-NUCLEO-WB55-USBDongle has no document id list !
2020-06-20 16:07:49,166 [WARN] DbBoards:130 - board STEVAL-MKSBOX1V1 has no document id list !
2020-06-20 16:07:49,167 [WARN] DbBoards:130 - board STM32F401C-DISCO has no document id list !
2020-06-20 16:07:49,168 [WARN] DbBoards:130 - board STM32F769I-DISC1 has no document id list !
2020-06-20 16:07:49,170 [WARN] DbBoards:130 - board STM32L-DISCOVERY has no document id list !
2020-06-20 16:07:49,172 [WARN] DbBoards:130 - board STM32H747I-DISC1 has no document id list !
2020-06-20 16:07:49,173 [WARN] DbBoards:130 - board STM32MP157A-DK1 has no document id list !
2020-06-20 16:07:50,512 [ERROR] DbBoards:192 - Image file not found for board STM32H747I-EVAL: /opt/st/stm32cubeide_1.1.0/plugins/com.st.stm32cube.common.mx_5.4.0.201910091541//db//plugins/mcufinder/images/boards/stm32h747ieval_small.jpg
2020-06-20 16:07:50,513 [ERROR] DbBoards:192 - Image file not found for board STM32H757I-EVAL: /opt/st/stm32cubeide_1.1.0/plugins/com.st.stm32cube.common.mx_5.4.0.201910091541//db//plugins/mcufinder/images/boards/stm32h747ieval_small.jpg
2020-06-20 16:07:51,037 [ERROR] DbBoards:192 - Image file not found for board P-NUCLEO-WB55: /opt/st/stm32cubeide_1.1.0/plugins/com.st.stm32cube.common.mx_5.4.0.201910091541//db//plugins/mcufinder/images/boards/p-nucleo-wb55_small.jpg
2020-06-20 16:07:51,664 [ERROR] DbBoards:192 - Image file not found for board STM32G0316-DISCO: /opt/st/stm32cubeide_1.1.0/plugins/com.st.stm32cube.common.mx_5.4.0.201910091541//db//plugins/mcufinder/images/boards/stm32g0316discovery_small.jpg
2020-06-20 16:07:51,881 [ERROR] DbBoards:195 - No image file URL for board STM32H7B3I-DK
2020-06-20 16:07:51,881 [ERROR] DbBoards:195 - No image file URL for board STM32H7B3I-EVAL
2020-06-20 16:07:51,887 [ERROR] DbBoards:192 - Image file not found for board STM32L4P5G-DK: /opt/st/stm32cubeide_1.1.0/plugins/com.st.stm32cube.common.mx_5.4.0.201910091541//db//plugins/mcufinder/images/boards/stm32l4p5g-dk_small.jpg
2020-06-20 16:07:51,887 [INFO] ApiDb:158 - Load user favorites file /home/javi/.stm32cubeide/favorites.boards.txt: 0 item(s)
2020-06-20 16:07:51,888 [INFO] ApiDb:163 - User favorites Boards=[]
2020-06-20 16:07:51,888 [INFO] DbBoards:209 - Set 0 / 0 favorites Boards
2020-06-20 16:07:51,908 [INFO] DbBoardsDocs:57 - Found 366 boards documents
2020-06-20 16:07:51,908 [INFO] ApiDb:186 - Save user favorites file /home/javi/.stm32cubeide/favorites.boards.txt: 0 item(s)
2020-06-20 16:07:51,909 [INFO] ApiDb:191 - User favorites Boards=[]
2020-06-20 16:07:51,913 [INFO] DbBoardsPdsc:92 - Found 19 items
2020-06-20 16:07:51,915 [INFO] DbBoardsPdsc:92 - Found 9 items
2020-06-20 16:07:51,924 [INFO] DbBoardsPdsc:92 - Found 38 items
2020-06-20 16:07:51,929 [INFO] DbBoardsPdsc:92 - Found 27 items
2020-06-20 16:07:51,931 [INFO] DbBoardsPdsc:92 - Found 1 items
2020-06-20 16:07:51,932 [INFO] DbBoardsPdsc:92 - Found 1 items
2020-06-20 16:07:51,938 [INFO] DbBoardsPdsc:92 - Found 38 items
2020-06-20 16:07:51,968 [INFO] DbBoardsJson:79 - JSON generation date=Wed May 20 13:36:55 CEST 2020 (1589974615)
2020-06-20 16:07:51,978 [INFO] DbBoards:120 - Found 139 boards (132 are supported by CubeMX)
2020-06-20 16:07:51,980 [WARN] DbBoards:130 - board NUCLEO-H743ZI2 has no document id list !
2020-06-20 16:07:51,983 [WARN] DbBoards:130 - board STM32H743I-EVAL2 has no document id list !
2020-06-20 16:07:51,984 [WARN] DbBoards:130 - board STM32H753I-EVAL2 has no document id list !
2020-06-20 16:07:51,985 [WARN] DbBoards:130 - board STM32G474E-EVAL1 has no document id list !
2020-06-20 16:07:51,987 [WARN] DbBoards:130 - board P-NUCLEO-WB55-Nucleo has no document id list !
2020-06-20 16:07:51,988 [WARN] DbBoards:130 - board P-NUCLEO-WB55-USBDongle has no document id list !
2020-06-20 16:07:51,988 [WARN] DbBoards:130 - board STEVAL-MKSBOX1V1 has no document id list !
2020-06-20 16:07:51,989 [WARN] DbBoards:130 - board STM32F401C-DISCO has no document id list !
2020-06-20 16:07:51,991 [WARN] DbBoards:130 - board STM32F769I-DISC1 has no document id list !
2020-06-20 16:07:51,992 [WARN] DbBoards:130 - board STM32L-DISCOVERY has no document id list !
2020-06-20 16:07:51,994 [WARN] DbBoards:130 - board STM32H747I-DISC1 has no document id list !
2020-06-20 16:07:51,996 [WARN] DbBoards:130 - board STM32MP157A-DK1 has no document id list !
2020-06-20 16:07:52,447 [ERROR] DbBoards:192 - Image file not found for board STM32H747I-EVAL: /opt/st/stm32cubeide_1.1.0/plugins/com.st.stm32cube.common.mx_5.4.0.201910091541//db//plugins/mcufinder/images/boards/stm32h747ieval_small.jpg
2020-06-20 16:07:52,448 [ERROR] DbBoards:192 - Image file not found for board STM32H757I-EVAL: /opt/st/stm32cubeide_1.1.0/plugins/com.st.stm32cube.common.mx_5.4.0.201910091541//db//plugins/mcufinder/images/boards/stm32h747ieval_small.jpg
2020-06-20 16:07:52,747 [ERROR] DbBoards:192 - Image file not found for board P-NUCLEO-WB55: /opt/st/stm32cubeide_1.1.0/plugins/com.st.stm32cube.common.mx_5.4.0.201910091541//db//plugins/mcufinder/images/boards/p-nucleo-wb55_small.jpg
2020-06-20 16:07:53,006 [ERROR] DbBoards:192 - Image file not found for board STM32G0316-DISCO: /opt/st/stm32cubeide_1.1.0/plugins/com.st.stm32cube.common.mx_5.4.0.201910091541//db//plugins/mcufinder/images/boards/stm32g0316discovery_small.jpg
2020-06-20 16:07:53,125 [ERROR] DbBoards:195 - No image file URL for board STM32H7B3I-DK
2020-06-20 16:07:53,126 [ERROR] DbBoards:195 - No image file URL for board STM32H7B3I-EVAL
2020-06-20 16:07:53,132 [ERROR] DbBoards:192 - Image file not found for board STM32L4P5G-DK: /opt/st/stm32cubeide_1.1.0/plugins/com.st.stm32cube.common.mx_5.4.0.201910091541//db//plugins/mcufinder/images/boards/stm32l4p5g-dk_small.jpg
2020-06-20 16:07:53,132 [INFO] ApiDb:158 - Load user favorites file /home/javi/.stm32cubeide/favorites.boards.txt: 0 item(s)
2020-06-20 16:07:53,132 [INFO] ApiDb:163 - User favorites Boards=[]
2020-06-20 16:07:53,133 [INFO] DbBoards:209 - Set 0 / 0 favorites Boards
2020-06-20 16:07:53,493 [INFO] LoadUrlFilesThread:161 - End of LoadServerUrlFiles without Thread
2020-06-20 16:07:53,494 [INFO] McuFilterPanel:282 - Update 0 favorites MCUs
2020-06-20 16:07:53,790 [INFO] LoadUrlFilesThread:161 - End of LoadServerUrlFiles without Thread
2020-06-20 16:07:53,791 [INFO] BoardDetailPanel:179 - Set advertising image to /home/javi/STM32Cube/Repository//PR_STM32Cube_GitHub_0320_V1.png
2020-06-20 16:07:53,851 [INFO] BoardFilterPanel:211 - Update 0 favorites Boards
2020-06-20 16:07:53,986 [INFO] CrossSelectorPresenter:1319 - Cross Selector saved comparison directory: /home/javi/.stmcufinder/plugins/mcufinder/mcu/cs_comparisons_mx
2020-06-20 16:09:52,058 [INFO] LogOutputStream:76 - [STDOUT_REDIRECT] withoutVersionV1.11.0
2020-06-20 16:10:04,742 [INFO] LogOutputStream:76 - [STDOUT_REDIRECT] File copied successfully!!
2020-06-20 16:10:09,961 [INFO] MainUpdater:2232 - connection check result : 10
2020-06-20 16:10:09,963 [INFO] LogOutputStream:76 - [STDOUT_REDIRECT] Successfull proxy connection.
2020-06-20 16:10:10,123 [INFO] MicroXplorer:390 - Change Database Path : 
2020-06-20 16:10:10,123 [INFO] MicroXplorer:420 - Change Database Version : DB.5.0.40
2020-06-20 16:10:10,127 [INFO] PinOutPanel:1367 - setPackage(No Configuration,No Configuration)
2020-06-20 16:10:10,129 [INFO] UtilMem:74 - Begin LoadConfig() Used Memory: 663094008 Bytes (976224256)
2020-06-20 16:10:10,130 [INFO] OpenFileManager:269 - Change cursor
2020-06-20 16:10:17,481 [INFO] Rule:205 - rule SPDIFRX instance for mcu is applicable
2020-06-20 16:10:17,482 [INFO] Rule:205 - rule Rename Tracer Mode is applicable
2020-06-20 16:10:17,482 [INFO] Rule:205 - rule SPDIFRX instance value for IP SPDIFRX is applicable
2020-06-20 16:10:17,482 [INFO] Rule:205 - rule SPDIFRX instance for signal is applicable
2020-06-20 16:10:17,483 [INFO] Rule:205 - rule SPDIFRX instance for project manager is applicable
2020-06-20 16:10:17,483 [INFO] Rule:205 - rule SPDIFRX instance for project manager is applicable
2020-06-20 16:10:17,483 [INFO] Rule:205 - rule ADC Scan  fix with FW F7 is applicable
2020-06-20 16:10:17,484 [INFO] Rule:205 - rule ADC Scan  fix with FW F7 is applicable
2020-06-20 16:10:17,484 [INFO] Rule:205 - rule Add RTC Activate Clock Source is applicable
2020-06-20 16:10:17,485 [INFO] Rule:205 - rule Add RTC Activate Calendar 1 is applicable
2020-06-20 16:10:17,485 [INFO] Rule:205 - rule Add RTC Activate Calendar 2 is applicable
2020-06-20 16:10:17,485 [INFO] Rule:205 - rule Add RTC Activate Calendar 3 is applicable
2020-06-20 16:10:17,485 [INFO] Rule:205 - rule UART/USART TX Mode is applicable
2020-06-20 16:10:17,486 [INFO] Rule:205 - rule UART/USART RX Mode is applicable
2020-06-20 16:10:17,486 [INFO] Rule:205 - rule UART/USART RX TX Mode is applicable
2020-06-20 16:10:17,486 [INFO] Rule:205 - rule UART/USART PARITY NONE is applicable
2020-06-20 16:10:17,486 [INFO] Rule:205 - rule UART/USART PARITY EVEN is applicable
2020-06-20 16:10:17,486 [INFO] Rule:205 - rule UART/USART PARITY ODD is applicable
2020-06-20 16:10:17,487 [INFO] Rule:205 - rule USART StopBits 1 is applicable
2020-06-20 16:10:17,487 [INFO] Rule:205 - rule USART StopBits 2 is applicable
2020-06-20 16:10:17,487 [INFO] Rule:205 - rule USART StopBits 1.5 is applicable
2020-06-20 16:10:17,487 [INFO] Rule:205 - rule USART StopBits 0.5 is applicable
2020-06-20 16:10:17,488 [INFO] Rule:205 - rule UART/USART WORD LENGTH 7 is applicable
2020-06-20 16:10:17,488 [INFO] Rule:205 - rule UART/USART WORD LENGTH 8 is applicable
2020-06-20 16:10:17,488 [INFO] Rule:205 - rule UART/USART WORD LENGTH 9 is applicable
2020-06-20 16:10:17,488 [INFO] Rule:205 - rule Rename FMC NAND NCE signal is applicable
2020-06-20 16:10:17,488 [INFO] Rule:205 - rule Rename FMC NAND INT signal is applicable
2020-06-20 16:10:17,489 [INFO] Rule:205 - rule Change Default Value for ADC ExternalTrigConv L4 family is applicable
2020-06-20 16:10:17,489 [INFO] Rule:205 - rule Change Default Value for ADC ExternalTrigInjecConv L4 family is applicable
2020-06-20 16:10:17,489 [INFO] Rule:205 - rule Change Default Value for ADC ExternalTrigConv F3 family is applicable
2020-06-20 16:10:17,489 [INFO] Rule:205 - rule Change Default Value for ADC ExternalTrigInjecConv F3 family is applicable
2020-06-20 16:10:17,490 [INFO] Rule:205 - rule Change Default Value for ADC ExternalTrigConv Goldfish serie is applicable
2020-06-20 16:10:17,490 [INFO] Rule:205 - rule Change Default Value for ADC ExternalTrigInjecConv Goldfish serie is applicable
2020-06-20 16:10:17,490 [INFO] Rule:205 - rule Change Default Value for ADC ExternalTrigConv L0 family is applicable
2020-06-20 16:10:17,490 [INFO] Rule:205 - rule Change Default Value for ADC ExternalTrigConv F0 family is applicable
2020-06-20 16:10:17,491 [INFO] Rule:205 - rule Change Default Value for ADC ExternalTrigConvn L1 family is applicable
2020-06-20 16:10:17,491 [INFO] Rule:205 - rule Change Default Value for ADC ExternalTrigInjecConv L1 family is applicable
2020-06-20 16:10:17,491 [INFO] Rule:205 - rule Change Default Value for ADC ExternalTrigConv F1 family is applicable
2020-06-20 16:10:17,491 [INFO] Rule:205 - rule Change Default Value for ADC ExternalTrigInjecConv F1 family is applicable
2020-06-20 16:10:17,491 [INFO] Rule:205 - rule Change Default Value for ADC ExternalTrigConv F7 family is applicable
2020-06-20 16:10:17,492 [INFO] Rule:205 - rule Change Default Value for ADC ExternalTrigInjecConv F7 family is applicable
2020-06-20 16:10:17,492 [INFO] Rule:205 - rule Change Default Value for ADC ExternalTrigConv F4 and F2 family is applicable
2020-06-20 16:10:17,492 [INFO] Rule:205 - rule Change Default Value for ADC ExternalTrigInjecConv F4 and F2 family is applicable
2020-06-20 16:10:17,492 [INFO] Rule:205 - rule ADC SamplingTime fix with FW L0  is applicable
2020-06-20 16:10:17,492 [INFO] Rule:205 - rule ADC SamplingTime fix with FW L0  is applicable
2020-06-20 16:10:17,493 [INFO] Rule:205 - rule ADC SamplingTime fix with FW L0 is applicable
2020-06-20 16:10:17,493 [INFO] Rule:205 - rule ADC SamplingTime fix with FW L0 is applicable
2020-06-20 16:10:17,493 [INFO] Rule:205 - rule ADC SamplingTime fix with FW L0  is applicable
2020-06-20 16:10:17,493 [INFO] Rule:205 - rule ADC SamplingTime fix with FW L0 is applicable
2020-06-20 16:10:17,494 [INFO] Rule:205 - rule Rename USB_OE Signal is applicable
2020-06-20 16:10:17,494 [INFO] Rule:205 - rule Rename Activate_OE Mode is applicable
2020-06-20 16:10:17,494 [INFO] Rule:205 - rule Rename DIE462/DIE415 pin PC14/OSC32_IN -> PC14-OSC32_IN (PC14) is applicable
2020-06-20 16:10:17,494 [INFO] Rule:205 - rule Rename DIE462/DIE415 pin PC15/OSC32_OUT -> PC15-OSC32_OUT (PC15) is applicable
2020-06-20 16:10:17,495 [INFO] Rule:205 - rule Rename DIE462/DIE415 pin PH0/OSC_IN -> PH0-OSC_IN (PH0) is applicable
2020-06-20 16:10:17,495 [INFO] Rule:205 - rule Rename DIE462/DIE415 pin PH1/OSC_OUT -> PH1-OSC_OUT (PH1) is applicable
2020-06-20 16:10:17,495 [INFO] Rule:205 - rule Rename DIE462 pin PA13 -> PA13 (JTMS/SWDIO) is applicable
2020-06-20 16:10:17,495 [INFO] Rule:205 - rule Rename DIE415 pin PA13 -> PA13 (JTMS/SWDIO) is applicable
2020-06-20 16:10:17,495 [INFO] Rule:205 - rule Rename DIE462 pin PA14 -> PA14 (JTCK/SWCLK) is applicable
2020-06-20 16:10:17,496 [INFO] Rule:205 - rule Rename DIE415 pin PA14 -> PA14 (JTCK/SWCLK) is applicable
2020-06-20 16:10:17,496 [INFO] Rule:205 - rule Rename DIE462/DIE415 pin PA15 -> PA15 (JTDI) is applicable
2020-06-20 16:10:17,496 [INFO] Rule:205 - rule Rename DIE462 pin PB3 -> PB3 (JTD0/TRACESWO) is applicable
2020-06-20 16:10:17,496 [INFO] Rule:205 - rule Rename DIE415 pin PB3 -> PB3 (JTD0-TRACESWO) is applicable
2020-06-20 16:10:17,497 [INFO] Rule:205 - rule Rename DIE462/DIE415 pin PB4 -> PB4 (NJTRST) is applicable
2020-06-20 16:10:17,497 [INFO] Rule:205 - rule Rename DIE462 pin PH3/BOOT0 -> PH3-BOOT0 (BOOT0) is applicable
2020-06-20 16:10:17,497 [INFO] Rule:205 - rule Rename CRYP DataEncryptionTypesList to Algorithm is applicable
2020-06-20 16:10:17,497 [INFO] Rule:205 - rule Rename AES DataEncryptionTypesList to Algorithm is applicable
2020-06-20 16:10:17,497 [INFO] Rule:205 - rule Rename TDESECB to CRYP_TDES_ECB is applicable
2020-06-20 16:10:17,498 [INFO] Rule:205 - rule Rename TDESCBC to CRYP_TDES_CBC is applicable
2020-06-20 16:10:17,498 [INFO] Rule:205 - rule Rename DESECB to CRYP_DES_ECB is applicable
2020-06-20 16:10:17,498 [INFO] Rule:205 - rule Rename DESCBC to CRYP_DES_CBC is applicable
2020-06-20 16:10:17,498 [INFO] Rule:205 - rule Rename AESECB to CRYP_AES_ECB is applicable
2020-06-20 16:10:17,499 [INFO] Rule:205 - rule Rename AESCBC to CRYP_AES_CBC is applicable
2020-06-20 16:10:17,499 [INFO] Rule:205 - rule Rename AESCTR to CRYP_AES_CTR is applicable
2020-06-20 16:10:17,499 [INFO] Rule:205 - rule Rename AESGCM to CRYP_AES_GCM is applicable
2020-06-20 16:10:17,499 [INFO] Rule:205 - rule Rename AESCCM to CRYP_AES_CCM is applicable
2020-06-20 16:10:17,499 [INFO] Rule:205 - rule Rename CAN TimeSeg1 to BS1 is applicable
2020-06-20 16:10:17,500 [INFO] Rule:205 - rule Rename CAN TimeSeg2 to BS2 is applicable
2020-06-20 16:10:17,500 [INFO] Rule:205 - rule Rename CAN SyncJumpWidth to SJW is applicable
2020-06-20 16:10:17,500 [INFO] Rule:205 - rule TimeTriggeredMode to TTCM is applicable
2020-06-20 16:10:17,500 [INFO] Rule:205 - rule Rename CAN AutoBusOff to ABOM is applicable
2020-06-20 16:10:17,501 [INFO] Rule:205 - rule Rename CAN AutoWakeUp to AWUM is applicable
2020-06-20 16:10:17,501 [INFO] Rule:205 - rule Rename CAN AutoRetransmission to NART is applicable
2020-06-20 16:10:17,501 [INFO] Rule:205 - rule Rename CAN ReceiveFifoLocked to RFLM is applicable
2020-06-20 16:10:17,501 [INFO] Rule:205 - rule Rename CAN TransmitFifoPriority to TXFP is applicable
2020-06-20 16:10:17,501 [INFO] Rule:205 - rule Rename HRTIMER HRTIM_OUTPUTFAULTLEVEL_HIGH in HRTIMER HRTIM_OUTPUTFAULTLEVEL_HIGHZ is applicable
2020-06-20 16:10:17,502 [INFO] Rule:205 - rule Rename TIMER TIM_CLEARINPUTSOURCE_OCREFCLR in  TIMER TIM_CLEARINPUTSOURCE_NONE for F7 family is applicable
2020-06-20 16:10:17,502 [INFO] Rule:205 - rule FDCAN_R1 - Rename FDCAN mode Master into Classic is applicable
2020-06-20 16:10:17,502 [INFO] Rule:205 - rule FDCAN_R2 - Rename FDCAN mode Slave into Classic is applicable
2020-06-20 16:10:17,502 [INFO] Rule:205 - rule FDCAN1_R3 - if PA10.Mode=FullDuplex, add Pin PA12 is applicable
2020-06-20 16:10:17,503 [INFO] Rule:205 - rule FDCAN1_R3 - if PA9.Mode=FullDuplex, add Pin PA11 is applicable
2020-06-20 16:10:17,503 [INFO] Rule:205 - rule FDCAN1_R3 - Alternatepin_1 - if PE1.Mode=FullDuplex, add Pin PB9 is applicable
2020-06-20 16:10:17,503 [INFO] Rule:205 - rule FDCAN1_R3 - Alternatepin_1 - if PE0.Mode=FullDuplex, add Pin PB8 is applicable
2020-06-20 16:10:17,503 [INFO] Rule:205 - rule FDCAN1_R3 - Alternatepin_2 - if PD5.Mode=FullDuplex, add Pin PD1 is applicable
2020-06-20 16:10:17,503 [INFO] Rule:205 - rule FDCAN1_R3 - Alternatepin_2 - if PD4.Mode=FullDuplex, add Pin PD0 is applicable
2020-06-20 16:10:17,504 [INFO] Rule:205 - rule FDCAN1_R4 - Rename Mode FullDuplex into Enable FDCAN_TXFD for pin PA10 is applicable
2020-06-20 16:10:17,504 [INFO] Rule:205 - rule FDCAN1_R4 - Rename Mode FullDuplex into Enable FDCAN_TXFD for pin PA9 is applicable
2020-06-20 16:10:17,504 [INFO] Rule:205 - rule FDCAN1_R4 - Alternatepin_1 - Rename Mode FullDuplex into Enable FDCAN_TXFD for pin PE1 is applicable
2020-06-20 16:10:17,504 [INFO] Rule:205 - rule FDCAN1_R4 - Alternatepin_1 - Rename Mode FullDuplex into Enable FDCAN_TXFD for pin PE0 is applicable
2020-06-20 16:10:17,505 [INFO] Rule:205 - rule FDCAN1_R4 - Alternatepin_2 - Rename Mode FullDuplex into Enable FDCAN_TXFD for pin PD5 is applicable
2020-06-20 16:10:17,505 [INFO] Rule:205 - rule FDCAN1_R4 - Alternatepin_2 - Rename Mode FullDuplex into Enable FDCAN_TXFD for pin PD4 is applicable
2020-06-20 16:10:17,505 [INFO] Rule:205 - rule FDCAN2_R3 - if PD10.Mode=FullDuplex, add Pin PB13 is applicable
2020-06-20 16:10:17,505 [INFO] Rule:205 - rule FDCAN2_R3 - if PD9.Mode=FullDuplex, add Pin PB12 is applicable
2020-06-20 16:10:17,505 [INFO] Rule:205 - rule FDCAN2_R3 - Alternatepin_1 - if PB7.Mode=FullDuplex, add Pin PB6 is applicable
2020-06-20 16:10:17,506 [INFO] Rule:205 - rule FDCAN2_R3 - Alternatepin_1 - if PD9.Mode=FullDuplex, add Pin PB12 is applicable
2020-06-20 16:10:17,506 [INFO] Rule:205 - rule FDCAN2_R4 - Rename Mode FullDuplex into Enable FDCAN_TXFD for pin PD10 is applicable
2020-06-20 16:10:17,506 [INFO] Rule:205 - rule FDCAN2_R4 - Rename Mode FullDuplex into Enable FDCAN_TXFD for pin PD9 is applicable
2020-06-20 16:10:17,506 [INFO] Rule:205 - rule FDCAN2_R4 - Alternatepin_1 - Rename Mode FullDuplex into Enable FDCAN_TXFD for pin PB7 is applicable
2020-06-20 16:10:17,507 [INFO] Rule:205 - rule FDCAN2_R4 - Alternatepin_1 - Rename Mode FullDuplex into Enable FDCAN_TXFD for pin PD6 is applicable
2020-06-20 16:10:17,507 [INFO] Rule:205 - rule USART TxPinLevelInvertParam Mode is applicable
2020-06-20 16:10:17,507 [INFO] Rule:205 - rule USART RxPinLevelInvertParam Mode is applicable
2020-06-20 16:10:17,507 [INFO] Rule:205 - rule USART DataInvertParam Mode is applicable
2020-06-20 16:10:17,507 [INFO] Rule:205 - rule USART SwapParam Mode is applicable
2020-06-20 16:10:17,508 [INFO] Rule:205 - rule USART OverrunDisableParam Mode is applicable
2020-06-20 16:10:17,508 [INFO] Rule:205 - rule USART DMADisableonRxErrorParam Mode is applicable
2020-06-20 16:10:17,508 [INFO] Rule:205 - rule USART MSBFirstParam Mode is applicable
2020-06-20 16:10:17,508 [INFO] Rule:205 - rule Update MwName for USB_DEVICE is applicable
2020-06-20 16:10:17,508 [INFO] Rule:205 - rule Change PWR_Regulator_Voltage_Scale Default Value for RCC  H7 family is applicable
2020-06-20 16:10:17,509 [INFO] Rule:205 - rule UART/USART IPParameter rename Prescaler parameter to ClockPrescaler is applicable
2020-06-20 16:10:17,509 [INFO] Rule:205 - rule UART/USART Prescaler rename Prescaler parameter to ClockPrescaler is applicable
2020-06-20 16:10:17,509 [INFO] Rule:205 - rule TIM1CLockSelection is applicable
2020-06-20 16:10:17,509 [INFO] Rule:205 - rule TIM15CLockSelection is applicable
2020-06-20 16:10:17,510 [INFO] Rule:205 - rule align RCC SDMMC3CLockSelection default value on MP1 is applicable
2020-06-20 16:10:17,510 [INFO] Rule:205 - rule align RCC SDMMC12CLockSelection default value on MP1 is applicable
2020-06-20 16:10:17,510 [INFO] Rule:205 - rule align RCC QSPICLockSelection default value on MP1 is applicable
2020-06-20 16:10:17,510 [INFO] Rule:205 - rule align RCC QSPICLockSelection default value on MP1 is applicable
2020-06-20 16:10:17,510 [INFO] Rule:205 - rule align RCC SPI6CLockSelection default value on MP1 is applicable
2020-06-20 16:10:17,511 [INFO] Rule:205 - rule align RCC LPTIM23CLockSelection default value on MP1 is applicable
2020-06-20 16:10:17,511 [INFO] Rule:205 - rule align RCC LPTIM1CLockSelection default value on MP1 is applicable
2020-06-20 16:10:17,511 [INFO] Rule:205 - rule align RCC USART1CLockSelection default value on MP1 is applicable
2020-06-20 16:10:17,511 [INFO] Rule:205 - rule align RCC USART24CLockSelection default value on MP1 is applicable
2020-06-20 16:10:17,512 [INFO] Rule:205 - rule align RCC USART6CLockSelection default value on MP1 is applicable
2020-06-20 16:10:17,512 [INFO] Rule:205 - rule align RCC UART78CLockSelection default value on MP1 is applicable
2020-06-20 16:10:17,512 [INFO] Rule:205 - rule align RCC USART35CLockSelection default value on MP1 is applicable
2020-06-20 16:10:17,512 [INFO] Rule:205 - rule align RCC SPI45CLockSelection default value on MP1 is applicable
2020-06-20 16:10:17,512 [INFO] Rule:205 - rule align RCC I2C46CLockSelection BCLK value on MP1 is applicable
2020-06-20 16:10:17,513 [INFO] Rule:205 - rule align RCC SPI45CLockSelection default value on MP1 is applicable
2020-06-20 16:10:17,513 [INFO] Rule:205 - rule align RCC I2C12CLockSelection default value on MP1 is applicable
2020-06-20 16:10:17,513 [INFO] Rule:205 - rule align RCC I2C35CLockSelection default value on MP1 is applicable
2020-06-20 16:10:17,513 [INFO] Rule:205 - rule align RCC LPTIM45CLockSelection default value on MP1 is applicable
2020-06-20 16:10:17,513 [INFO] Rule:205 - rule Rename DCMI PIXCK signal is applicable
2020-06-20 16:10:17,514 [INFO] Rule:205 - rule Change Default Value for I2C46CLockSelection MP1 family is applicable
2020-06-20 16:10:17,514 [INFO] Rule:205 - rule Change Default Value for UART for G4, G0 and WB families is applicable
2020-06-20 16:10:17,514 [INFO] Rule:205 - rule Change Default Value for USART for G4, G0 and WB families is applicable
2020-06-20 16:10:17,514 [INFO] Rule:205 - rule Change Default Value for USART for G4 family is applicable
2020-06-20 16:10:17,548 [INFO] DbConfProperties:222 - Apply Compatibility (36/144 Rules)
2020-06-20 16:10:20,830 [INFO] ImportTextPane:162 - (OptionalMessage_ERROR) Unable to find key (Mcu.ThirdPartyNb) in loaded IOC file
2020-06-20 16:10:21,240 [INFO] ImportTextPane:162 - (OptionalMessage_ERROR) IP (RCC) : Invalid parameter (FamilyName)
2020-06-20 16:10:21,246 [INFO] ImportTextPane:162 - (OptionalMessage_ERROR) IP (RCC) : Invalid parameter (PLLM)
2020-06-20 16:10:21,247 [INFO] ImportTextPane:162 - (OptionalMessage_ERROR) IP (RCC) : Invalid parameter (PLLN)
2020-06-20 16:10:21,247 [INFO] ImportTextPane:162 - (OptionalMessage_ERROR) IP (RCC) : Invalid parameter (PLLP)
2020-06-20 16:10:21,247 [INFO] ImportTextPane:162 - (OptionalMessage_ERROR) IP (RCC) : Invalid parameter (PLLQ)
2020-06-20 16:10:21,248 [INFO] ImportTextPane:162 - (OptionalMessage_ERROR) IP (RCC) : Invalid parameter (RCC_PLLsource_Clock_Source_FROM_HSE)
2020-06-20 16:10:21,249 [INFO] ImportTextPane:162 - (OptionalMessage_ERROR) IP (RCC) : Parameter (USBFreq_Value) has invalid value (72000000)
2020-06-20 16:10:22,770 [INFO] UtilMem:74 - End LoadConfig() Used Memory: 602929080 Bytes (976224256)
2020-06-20 16:10:23,233 [INFO] ThirdParty:897 - CMSIS Pack Vendor :STMicroelectronics X-CUBE-BLE1 4.4.0
2020-06-20 16:10:23,233 [INFO] ThirdParty:897 - CMSIS Pack Vendor :STMicroelectronics X-CUBE-MEMS1 6.2.0
2020-06-20 16:10:23,233 [INFO] ThirdParty:897 - CMSIS Pack Vendor :STMicroelectronics X-CUBE-AI 4.0.0
2020-06-20 16:10:23,234 [INFO] ThirdParty:897 - CMSIS Pack Vendor :STMicroelectronics X-CUBE-NFC4 1.4.0
2020-06-20 16:10:23,234 [INFO] ThirdParty:897 - CMSIS Pack Vendor :STMicroelectronics X-CUBE-GNSS1 3.0.0
2020-06-20 16:10:23,234 [INFO] ThirdParty:897 - CMSIS Pack Vendor :STMicroelectronics X-CUBE-MEMS1 7.0.0
2020-06-20 16:10:23,234 [INFO] ThirdParty:897 - CMSIS Pack Vendor :STMicroelectronics X-CUBE-AI 4.1.0
2020-06-20 16:10:23,234 [INFO] ThirdParty:897 - CMSIS Pack Vendor :STMicroelectronics X-CUBE-NFC4 1.5.0
2020-06-20 16:10:23,234 [INFO] ThirdParty:897 - CMSIS Pack Vendor :STMicroelectronics X-CUBE-AI 5.0.0
2020-06-20 16:10:23,235 [INFO] ThirdParty:897 - CMSIS Pack Vendor :STMicroelectronics X-CUBE-BLE2 1.0.0
2020-06-20 16:10:23,235 [INFO] ThirdParty:897 - CMSIS Pack Vendor :STMicroelectronics X-CUBE-GNSS1 4.0.0
2020-06-20 16:10:23,235 [INFO] ThirdParty:897 - CMSIS Pack Vendor :STMicroelectronics X-CUBE-NFC4 1.5.1
2020-06-20 16:10:23,235 [INFO] ThirdParty:897 - CMSIS Pack Vendor :STMicroelectronics X-CUBE-SUBG2 1.0.0
2020-06-20 16:10:23,235 [INFO] ThirdParty:897 - CMSIS Pack Vendor :ARM CMSIS 5.6.0
2020-06-20 16:10:23,235 [INFO] ThirdParty:897 - CMSIS Pack Vendor :STMicroelectronics X-CUBE-BLE1 5.0.0
2020-06-20 16:10:23,235 [INFO] ThirdParty:897 - CMSIS Pack Vendor :STMicroelectronics X-CUBE-GNSS1 4.1.0
2020-06-20 16:10:23,236 [INFO] ThirdParty:897 - CMSIS Pack Vendor :STMicroelectronics X-CUBE-MEMS1 7.1.0
2020-06-20 16:10:23,236 [INFO] ThirdParty:897 - CMSIS Pack Vendor :STMicroelectronics X-CUBE-NFC4 1.5.2
2020-06-20 16:10:23,236 [INFO] ThirdParty:897 - CMSIS Pack Vendor :STMicroelectronics X-CUBE-SUBG2 1.1.0
2020-06-20 16:10:23,236 [INFO] ThirdParty:897 - CMSIS Pack Vendor :STMicroelectronics X-CUBE-TOUCHGFX 4.13.0
2020-06-20 16:10:23,236 [INFO] ThirdParty:897 - CMSIS Pack Vendor :STMicroelectronics X-CUBE-ALGOBUILD 1.0.0
2020-06-20 16:10:23,237 [INFO] ThirdParty:897 - CMSIS Pack Vendor :STMicroelectronics X-CUBE-MEMS1 7.2.0
2020-06-20 16:10:23,237 [INFO] ThirdParty:897 - CMSIS Pack Vendor :STMicroelectronics X-CUBE-AI 5.1.1
2020-06-20 16:10:24,089 [INFO] PinOutPanel:1367 - setPackage(No Configuration,No Configuration)
2020-06-20 16:10:24,096 [INFO] PinOutPanel:1367 - setPackage(STM32F303RETx,LQFP64)
2020-06-20 16:10:25,672 [INFO] UtilMem:74 - Before build in PCC Used Memory: 409474608 Bytes (976224256)
2020-06-20 16:10:26,391 [INFO] SharedServices:71 - Folder for power plug-in: /home/javi/.stm32cubemx/plugins/power
2020-06-20 16:10:26,393 [INFO] UtilMem:74 - After build in PCC Used Memory: 424154672 Bytes (976224256)
2020-06-20 16:10:26,422 [INFO] BlockDiagram:1827 - stop enableDisableButtons
2020-06-20 16:10:26,423 [INFO] IPUIPlugin:63 - create IPUIPlugin
2020-06-20 16:10:26,424 [INFO] IPUIPlugin:63 - create IPUIPlugin
2020-06-20 16:10:26,424 [INFO] IPUIPlugin:63 - create IPUIPlugin
2020-06-20 16:10:26,425 [INFO] IPUIPlugin:63 - create IPUIPlugin
2020-06-20 16:10:26,425 [INFO] IPUIPlugin:63 - create IPUIPlugin
2020-06-20 16:10:26,426 [INFO] IPUIPlugin:63 - create IPUIPlugin
2020-06-20 16:10:26,426 [INFO] IPUIPlugin:63 - create IPUIPlugin
2020-06-20 16:10:26,426 [INFO] IPUIPlugin:63 - create IPUIPlugin
2020-06-20 16:10:26,427 [INFO] IPUIPlugin:63 - create IPUIPlugin
2020-06-20 16:10:26,427 [INFO] IPUIPlugin:63 - create IPUIPlugin
2020-06-20 16:10:26,428 [INFO] IPUIPlugin:63 - create IPUIPlugin
2020-06-20 16:10:26,428 [INFO] IPUIPlugin:63 - create IPUIPlugin
2020-06-20 16:10:26,428 [INFO] IPUIPlugin:63 - create IPUIPlugin
2020-06-20 16:10:26,429 [INFO] IPUIPlugin:63 - create IPUIPlugin
2020-06-20 16:10:26,429 [INFO] IPUIPlugin:63 - create IPUIPlugin
2020-06-20 16:10:26,430 [INFO] IPUIPlugin:63 - create IPUIPlugin
2020-06-20 16:10:26,430 [INFO] IPUIPlugin:63 - create IPUIPlugin
2020-06-20 16:10:26,430 [INFO] IPUIPlugin:63 - create IPUIPlugin
2020-06-20 16:10:26,431 [INFO] IPUIPlugin:63 - create IPUIPlugin
2020-06-20 16:10:26,431 [INFO] IPUIPlugin:63 - create IPUIPlugin
2020-06-20 16:10:26,432 [INFO] IPUIPlugin:63 - create IPUIPlugin
2020-06-20 16:10:26,432 [INFO] IPUIPlugin:63 - create IPUIPlugin
2020-06-20 16:10:26,432 [INFO] IPUIPlugin:63 - create IPUIPlugin
2020-06-20 16:10:26,433 [INFO] IPUIPlugin:63 - create IPUIPlugin
2020-06-20 16:10:26,433 [INFO] IPUIPlugin:63 - create IPUIPlugin
2020-06-20 16:10:26,434 [INFO] IPUIPlugin:63 - create IPUIPlugin
2020-06-20 16:10:26,434 [INFO] IPUIPlugin:63 - create IPUIPlugin
2020-06-20 16:10:26,434 [INFO] IPUIPlugin:63 - create IPUIPlugin
2020-06-20 16:10:26,435 [INFO] IPUIPlugin:63 - create IPUIPlugin
2020-06-20 16:10:26,435 [INFO] IPUIPlugin:63 - create IPUIPlugin
2020-06-20 16:10:26,435 [INFO] IPUIPlugin:63 - create IPUIPlugin
2020-06-20 16:10:26,436 [INFO] IPUIPlugin:63 - create IPUIPlugin
2020-06-20 16:10:26,436 [INFO] IPUIPlugin:63 - create IPUIPlugin
2020-06-20 16:10:26,437 [INFO] IPUIPlugin:63 - create IPUIPlugin
2020-06-20 16:10:26,437 [INFO] IPUIPlugin:63 - create IPUIPlugin
2020-06-20 16:10:26,438 [INFO] IPUIPlugin:63 - create IPUIPlugin
2020-06-20 16:10:26,438 [INFO] IPUIPlugin:63 - create IPUIPlugin
2020-06-20 16:10:26,439 [INFO] IPUIPlugin:63 - create IPUIPlugin
2020-06-20 16:10:26,439 [INFO] IPUIPlugin:63 - create IPUIPlugin
2020-06-20 16:10:26,440 [INFO] IPUIPlugin:63 - create IPUIPlugin
2020-06-20 16:10:26,440 [INFO] IPUIPlugin:63 - create IPUIPlugin
2020-06-20 16:10:26,441 [INFO] IPUIPlugin:63 - create IPUIPlugin
2020-06-20 16:10:26,441 [INFO] IPUIPlugin:63 - create IPUIPlugin
2020-06-20 16:10:26,442 [INFO] IPUIPlugin:63 - create IPUIPlugin
2020-06-20 16:10:26,442 [INFO] IPUIPlugin:63 - create IPUIPlugin
2020-06-20 16:10:26,443 [INFO] IPUIPlugin:63 - create IPUIPlugin
2020-06-20 16:10:26,443 [INFO] IPUIPlugin:63 - create IPUIPlugin
2020-06-20 16:10:26,443 [INFO] IPUIPlugin:63 - create IPUIPlugin
2020-06-20 16:10:26,444 [INFO] IPUIPlugin:63 - create IPUIPlugin
2020-06-20 16:10:26,444 [INFO] IPUIPlugin:63 - create IPUIPlugin
2020-06-20 16:10:26,444 [INFO] IPUIPlugin:63 - create IPUIPlugin
2020-06-20 16:10:26,445 [INFO] IPUIPlugin:63 - create IPUIPlugin
2020-06-20 16:10:26,445 [INFO] IPUIPlugin:63 - create IPUIPlugin
2020-06-20 16:10:26,445 [INFO] IPUIPlugin:63 - create IPUIPlugin
2020-06-20 16:10:26,446 [INFO] IPUIPlugin:63 - create IPUIPlugin
2020-06-20 16:10:26,446 [INFO] IPUIPlugin:63 - create IPUIPlugin
2020-06-20 16:10:26,507 [INFO] BlockDiagram:1827 - stop enableDisableButtons
2020-06-20 16:10:26,577 [INFO] LogOutputStream:76 - [STDOUT_REDIRECT] toolchainItems.length=====1
2020-06-20 16:10:26,824 [INFO] OpenFileManager:289 - Restore cursor
2020-06-20 16:10:27,091 [INFO] BlockDiagram:1827 - stop enableDisableButtons
2020-06-20 16:10:27,220 [INFO] BlockDiagram:1827 - stop enableDisableButtons
2020-06-20 16:10:27,523 [INFO] UtilMem:74 - End SaveConfig() Used Memory: 482348600 Bytes (976224256)
2020-06-20 16:10:27,626 [INFO] UtilMem:74 - End SaveConfig() Used Memory: 485494328 Bytes (976224256)
2020-06-20 16:10:28,251 [INFO] BlockDiagram:1871 - set Specific Code input for plugin: SYS
2020-06-20 16:10:28,251 [INFO] BlockDiagram:1871 - set Specific Code input for plugin: RCC
2020-06-20 16:10:28,252 [INFO] BlockDiagram:1871 - set Specific Code input for plugin: NVIC
2020-06-20 16:10:28,252 [INFO] BlockDiagram:1871 - set Specific Code input for plugin: USART
2020-06-20 16:10:28,253 [INFO] BlockDiagram:1871 - set Specific Code input for plugin: GPIO
2020-06-20 16:10:28,253 [INFO] CodeGenerator:598 - code generatio: config db path: /opt/st/stm32cubeide_1.1.0/plugins/com.st.stm32cube.common.mx_5.4.0.201910091541//db/
2020-06-20 16:10:29,022 [INFO] CodeEngine:193 - oldGeneratedFile, /home/javi/github_projects/dcmotorsimple/dcmotorsimple/MXTmpFiles/license.tmp_save
2020-06-20 16:10:29,684 [INFO] CodeEngine:211 - Generated code: /home/javi/github_projects/dcmotorsimple/dcmotorsimple/MXTmpFiles/license.tmp
2020-06-20 16:10:29,988 [INFO] CodeEngine:193 - oldGeneratedFile, /home/javi/github_projects/dcmotorsimple/dcmotorsimple/MXTmpFiles/gpio.tmp_save
2020-06-20 16:10:30,300 [INFO] CodeEngine:211 - Generated code: /home/javi/github_projects/dcmotorsimple/dcmotorsimple/MXTmpFiles/gpio.tmp
2020-06-20 16:10:30,527 [INFO] LogOutputStream:76 - [STDOUT_REDIRECT] Command line
2020-06-20 16:10:30,529 [INFO] LogOutputStream:76 - [STDOUT_REDIRECT] Debug : prepare data for SYS
2020-06-20 16:10:30,530 [INFO] LogOutputStream:76 - [STDOUT_REDIRECT] Command line test
2020-06-20 16:10:30,531 [INFO] LogOutputStream:76 - [STDOUT_REDIRECT] Command line
2020-06-20 16:10:30,533 [INFO] LogOutputStream:76 - [STDOUT_REDIRECT] Debug : prepare data for USART
2020-06-20 16:10:30,534 [INFO] LogOutputStream:76 - [STDOUT_REDIRECT] Command line test
2020-06-20 16:10:30,536 [INFO] LogOutputStream:76 - [STDOUT_REDIRECT] Debug : prepare data for NVIC
2020-06-20 16:10:30,538 [INFO] LogOutputStream:76 - [STDOUT_REDIRECT] Command line test
2020-06-20 16:10:30,553 [INFO] CodeEngine:193 - oldGeneratedFile, /home/javi/github_projects/dcmotorsimple/dcmotorsimple/Core/Src/stm32f3xx_it.c_save
2020-06-20 16:10:30,891 [INFO] CodeEngine:211 - Generated code: /home/javi/github_projects/dcmotorsimple/dcmotorsimple/Core/Src/stm32f3xx_it.c
2020-06-20 16:10:30,900 [INFO] CodeEngine:193 - oldGeneratedFile, /home/javi/github_projects/dcmotorsimple/dcmotorsimple/Core/Inc/stm32f3xx_it.h_save
2020-06-20 16:10:31,103 [INFO] CodeEngine:211 - Generated code: /home/javi/github_projects/dcmotorsimple/dcmotorsimple/Core/Inc/stm32f3xx_it.h
2020-06-20 16:10:31,129 [INFO] CodeEngine:193 - oldGeneratedFile, /home/javi/github_projects/dcmotorsimple/dcmotorsimple/Core/Src/stm32f3xx_hal_msp.c_save
2020-06-20 16:10:31,446 [INFO] CodeEngine:211 - Generated code: /home/javi/github_projects/dcmotorsimple/dcmotorsimple/Core/Src/stm32f3xx_hal_msp.c
2020-06-20 16:10:31,469 [INFO] CodeEngine:193 - oldGeneratedFile, /home/javi/github_projects/dcmotorsimple/dcmotorsimple/MXTmpFiles/system.tmp_save
2020-06-20 16:10:31,684 [INFO] CodeEngine:211 - Generated code: /home/javi/github_projects/dcmotorsimple/dcmotorsimple/MXTmpFiles/system.tmp
2020-06-20 16:10:31,693 [INFO] CodeEngine:193 - oldGeneratedFile, /home/javi/github_projects/dcmotorsimple/dcmotorsimple/Core/Inc/stm32f3xx_hal_conf.h_save
2020-06-20 16:10:31,903 [INFO] CodeEngine:211 - Generated code: /home/javi/github_projects/dcmotorsimple/dcmotorsimple/Core/Inc/stm32f3xx_hal_conf.h
2020-06-20 16:10:31,942 [WARN] IPConfigManager:2673 - IP not found : gpio
2020-06-20 16:10:31,943 [WARN] CodeGenerator:2697 - IP not found : gpio
2020-06-20 16:10:31,946 [INFO] CodeEngine:193 - oldGeneratedFile, /home/javi/github_projects/dcmotorsimple/dcmotorsimple/Core/Inc/main.h_save
2020-06-20 16:10:32,102 [INFO] CodeEngine:211 - Generated code: /home/javi/github_projects/dcmotorsimple/dcmotorsimple/Core/Inc/main.h
2020-06-20 16:10:32,112 [INFO] CodeEngine:193 - oldGeneratedFile, /home/javi/github_projects/dcmotorsimple/dcmotorsimple/Core/Src/main.c_save
2020-06-20 16:10:32,373 [INFO] CodeEngine:211 - Generated code: /home/javi/github_projects/dcmotorsimple/dcmotorsimple/Core/Src/main.c
2020-06-20 16:10:34,292 [INFO] ProjectBuilder:1645 - Time for Copy HAL[1] : 240mS.
2020-06-20 16:10:34,300 [INFO] ProjectBuilder:2206 - Project Generator version: 3.5.2
2020-06-20 16:10:35,142 [INFO] ConfigFileManager:953 - The Die is : DIE446
2020-06-20 16:10:50,183 [INFO] ProjectBuilder:2373 - Time for Generating toolchain IDE Files: 15883mS.
2020-06-20 16:10:50,184 [INFO] ProjectBuilder:1505 - Time for Copy CMSIS : 0mS.
2020-06-20 16:10:50,185 [INFO] ProjectBuilder:1505 - Time for Copy CMSIS : 0mS.
2020-06-20 16:11:05,585 [INFO] BlockDiagram:1827 - stop enableDisableButtons
2020-06-20 16:11:09,809 [INFO] BlockDiagram:1827 - stop enableDisableButtons
2020-06-20 16:11:22,782 [INFO] LogOutputStream:76 - [STDOUT_REDIRECT] Tab changed to: Clock Configuration
2020-06-20 16:11:43,186 [INFO] LogOutputStream:76 - [STDOUT_REDIRECT] Tab changed to: Pinout & Configuration
2020-06-20 16:11:47,543 [INFO] BlockDiagram:1827 - stop enableDisableButtons
2020-06-20 16:11:47,706 [INFO] BlockDiagram:1827 - stop enableDisableButtons
2020-06-20 16:11:56,622 [INFO] BlockDiagram:1827 - stop enableDisableButtons
2020-06-20 16:11:56,638 [INFO] Gpio:245 - dependency for GPIO [RCC, SYS, USART2]
2020-06-20 16:12:12,806 [INFO] Gpio:245 - dependency for GPIO [RCC, SYS, USART2]
2020-06-20 16:12:12,841 [INFO] BlockDiagram:1827 - stop enableDisableButtons
2020-06-20 16:12:16,419 [INFO] BlockDiagram:1827 - stop enableDisableButtons
2020-06-20 16:12:16,429 [INFO] Gpio:245 - dependency for GPIO [RCC, SYS, USART2]
2020-06-20 16:12:18,595 [INFO] Gpio:245 - dependency for GPIO [RCC, SYS, USART2]
2020-06-20 16:12:18,617 [INFO] BlockDiagram:1827 - stop enableDisableButtons
2020-06-20 16:12:30,372 [INFO] BlockDiagram:1827 - stop enableDisableButtons
2020-06-20 16:12:34,511 [INFO] BlockDiagram:1827 - stop enableDisableButtons
2020-06-20 16:12:34,639 [INFO] NvicIntPanel:88 - NVIC parent = com.st.microxplorer.plugins.ip.nvic.MultiNvicIntPanel[,0,0,0x0,invalid,layout=javax.swing.BoxLayout,alignmentX=0.0,alignmentY=0.0,border=,flags=9,maximumSize=,minimumSize=,preferredSize=]
2020-06-20 16:13:38,698 [INFO] UtilMem:74 - End SaveConfig() Used Memory: 477525376 Bytes (976224256)
2020-06-20 16:13:43,309 [INFO] UtilMem:74 - End SaveConfig() Used Memory: 487981496 Bytes (976224256)
2020-06-20 16:13:43,771 [INFO] UtilMem:74 - End SaveConfig() Used Memory: 501904784 Bytes (976224256)
2020-06-20 16:13:44,229 [INFO] BlockDiagram:1871 - set Specific Code input for plugin: SYS
2020-06-20 16:13:44,230 [INFO] BlockDiagram:1871 - set Specific Code input for plugin: RCC
2020-06-20 16:13:44,230 [INFO] BlockDiagram:1871 - set Specific Code input for plugin: NVIC
2020-06-20 16:13:44,230 [INFO] BlockDiagram:1871 - set Specific Code input for plugin: USART
2020-06-20 16:13:44,231 [INFO] BlockDiagram:1871 - set Specific Code input for plugin: GPIO
2020-06-20 16:13:44,231 [INFO] CodeGenerator:598 - code generatio: config db path: /opt/st/stm32cubeide_1.1.0/plugins/com.st.stm32cube.common.mx_5.4.0.201910091541//db/
2020-06-20 16:13:44,701 [INFO] CodeEngine:193 - oldGeneratedFile, /home/javi/github_projects/dcmotorsimple/dcmotorsimple/MXTmpFiles/license.tmp_save
2020-06-20 16:13:44,865 [INFO] CodeEngine:211 - Generated code: /home/javi/github_projects/dcmotorsimple/dcmotorsimple/MXTmpFiles/license.tmp
2020-06-20 16:13:44,914 [INFO] CodeEngine:193 - oldGeneratedFile, /home/javi/github_projects/dcmotorsimple/dcmotorsimple/MXTmpFiles/gpio.tmp_save
2020-06-20 16:13:45,099 [INFO] CodeEngine:211 - Generated code: /home/javi/github_projects/dcmotorsimple/dcmotorsimple/MXTmpFiles/gpio.tmp
2020-06-20 16:13:45,226 [INFO] LogOutputStream:76 - [STDOUT_REDIRECT] Command line
2020-06-20 16:13:45,228 [INFO] LogOutputStream:76 - [STDOUT_REDIRECT] Debug : prepare data for SYS
2020-06-20 16:13:45,229 [INFO] LogOutputStream:76 - [STDOUT_REDIRECT] Command line test
2020-06-20 16:13:45,231 [INFO] LogOutputStream:76 - [STDOUT_REDIRECT] Command line
2020-06-20 16:13:45,232 [INFO] LogOutputStream:76 - [STDOUT_REDIRECT] Debug : prepare data for USART
2020-06-20 16:13:45,233 [INFO] LogOutputStream:76 - [STDOUT_REDIRECT] Command line test
2020-06-20 16:13:45,235 [INFO] LogOutputStream:76 - [STDOUT_REDIRECT] Debug : prepare data for NVIC
2020-06-20 16:13:45,236 [INFO] LogOutputStream:76 - [STDOUT_REDIRECT] Command line test
2020-06-20 16:13:45,244 [INFO] CodeEngine:193 - oldGeneratedFile, /home/javi/github_projects/dcmotorsimple/dcmotorsimple/Core/Src/stm32f3xx_it.c_save
2020-06-20 16:13:45,424 [INFO] CodeEngine:211 - Generated code: /home/javi/github_projects/dcmotorsimple/dcmotorsimple/Core/Src/stm32f3xx_it.c
2020-06-20 16:13:45,431 [INFO] CodeEngine:193 - oldGeneratedFile, /home/javi/github_projects/dcmotorsimple/dcmotorsimple/Core/Inc/stm32f3xx_it.h_save
2020-06-20 16:13:45,581 [INFO] CodeEngine:211 - Generated code: /home/javi/github_projects/dcmotorsimple/dcmotorsimple/Core/Inc/stm32f3xx_it.h
2020-06-20 16:13:45,590 [INFO] CodeEngine:193 - oldGeneratedFile, /home/javi/github_projects/dcmotorsimple/dcmotorsimple/Core/Src/stm32f3xx_hal_msp.c_save
2020-06-20 16:13:45,825 [INFO] CodeEngine:211 - Generated code: /home/javi/github_projects/dcmotorsimple/dcmotorsimple/Core/Src/stm32f3xx_hal_msp.c
2020-06-20 16:13:45,829 [INFO] CodeEngine:193 - oldGeneratedFile, /home/javi/github_projects/dcmotorsimple/dcmotorsimple/MXTmpFiles/system.tmp_save
2020-06-20 16:13:45,966 [INFO] CodeEngine:211 - Generated code: /home/javi/github_projects/dcmotorsimple/dcmotorsimple/MXTmpFiles/system.tmp
2020-06-20 16:13:45,970 [INFO] CodeEngine:193 - oldGeneratedFile, /home/javi/github_projects/dcmotorsimple/dcmotorsimple/Core/Inc/stm32f3xx_hal_conf.h_save
2020-06-20 16:13:46,129 [INFO] CodeEngine:211 - Generated code: /home/javi/github_projects/dcmotorsimple/dcmotorsimple/Core/Inc/stm32f3xx_hal_conf.h
2020-06-20 16:13:46,171 [WARN] IPConfigManager:2673 - IP not found : gpio
2020-06-20 16:13:46,172 [WARN] CodeGenerator:2697 - IP not found : gpio
2020-06-20 16:13:46,177 [INFO] CodeEngine:193 - oldGeneratedFile, /home/javi/github_projects/dcmotorsimple/dcmotorsimple/Core/Inc/main.h_save
2020-06-20 16:13:46,358 [INFO] CodeEngine:211 - Generated code: /home/javi/github_projects/dcmotorsimple/dcmotorsimple/Core/Inc/main.h
2020-06-20 16:13:46,365 [INFO] CodeEngine:193 - oldGeneratedFile, /home/javi/github_projects/dcmotorsimple/dcmotorsimple/Core/Src/main.c_save
2020-06-20 16:13:46,635 [INFO] CodeEngine:211 - Generated code: /home/javi/github_projects/dcmotorsimple/dcmotorsimple/Core/Src/main.c
2020-06-20 16:13:47,668 [INFO] ProjectBuilder:1645 - Time for Copy HAL[1] : 29mS.
2020-06-20 16:13:47,671 [INFO] ProjectBuilder:2206 - Project Generator version: 3.5.2
2020-06-20 16:13:48,115 [INFO] ConfigFileManager:953 - The Die is : DIE446
2020-06-20 16:13:52,067 [INFO] ProjectBuilder:2373 - Time for Generating toolchain IDE Files: 4396mS.
2020-06-20 16:13:52,068 [INFO] ProjectBuilder:1505 - Time for Copy CMSIS : 0mS.
2020-06-20 16:13:52,069 [INFO] ProjectBuilder:1505 - Time for Copy CMSIS : 0mS.
2020-06-21 10:53:39,986 [INFO] BlockDiagram:1827 - stop enableDisableButtons
